## SLURM PROLOG ###############################################################
##    Job ID : 11245061
##  Job Name : simple_test.sh
##  Nodelist : gpu2107
##      CPUs : 1
##  Mem/Node : 12288 MB
## Directory : /oscar/home/igordon/cs1952y_final
##   Job Started : Sat May  3 12:01:37 PM EDT 2025
###############################################################################
====== Job and Node Information ======
Job ID: 11245061
Node List: gpu2107
Number of Nodes: 1
Number of Tasks: 1
CPUs per Task: 

====== CPU Information ======
Architecture:                    x86_64
CPU op-mode(s):                  32-bit, 64-bit
Address sizes:                   43 bits physical, 48 bits virtual
Byte Order:                      Little Endian
CPU(s):                          64
On-line CPU(s) list:             0-63
Vendor ID:                       AuthenticAMD
Model name:                      AMD EPYC 7532 32-Core Processor
CPU family:                      23
Model:                           49
Thread(s) per core:              1
Core(s) per socket:              32
Socket(s):                       2
Stepping:                        0
Frequency boost:                 enabled
CPU max MHz:                     2400.0000
CPU min MHz:                     1500.0000
BogoMIPS:                        4799.92
Flags:                           fpu vme de pse tsc msr pae mce cx8 apic sep mtrr pge mca cmov pat pse36 clflush mmx fxsr sse sse2 ht syscall nx mmxext fxsr_opt pdpe1gb rdtscp lm constant_tsc rep_good nopl nonstop_tsc cpuid extd_apicid aperfmperf rapl pni pclmulqdq monitor ssse3 fma cx16 sse4_1 sse4_2 movbe popcnt aes xsave avx f16c rdrand lahf_lm cmp_legacy svm extapic cr8_legacy abm sse4a misalignsse 3dnowprefetch osvw ibs skinit wdt tce topoext perfctr_core perfctr_nb bpext perfctr_llc mwaitx cpb cat_l3 cdp_l3 hw_pstate ssbd mba ibrs ibpb stibp vmmcall fsgsbase bmi1 avx2 smep bmi2 cqm rdt_a rdseed adx smap clflushopt clwb sha_ni xsaveopt xsavec xgetbv1 xsaves cqm_llc cqm_occup_llc cqm_mbm_total cqm_mbm_local clzero irperf xsaveerptr rdpru wbnoinvd amd_ppin arat npt lbrv svm_lock nrip_save tsc_scale vmcb_clean flushbyasid decodeassists pausefilter pfthreshold avic v_vmsave_vmload vgif v_spec_ctrl umip rdpid overflow_recov succor smca sme sev sev_es
Virtualization:                  AMD-V
L1d cache:                       2 MiB (64 instances)
L1i cache:                       2 MiB (64 instances)
L2 cache:                        32 MiB (64 instances)
L3 cache:                        512 MiB (32 instances)
NUMA node(s):                    2
NUMA node0 CPU(s):               0-31
NUMA node1 CPU(s):               32-63
Vulnerability Itlb multihit:     Not affected
Vulnerability L1tf:              Not affected
Vulnerability Mds:               Not affected
Vulnerability Meltdown:          Not affected
Vulnerability Mmio stale data:   Not affected
Vulnerability Retbleed:          Mitigation; untrained return thunk; SMT disabled
Vulnerability Spec store bypass: Mitigation; Speculative Store Bypass disabled via prctl
Vulnerability Spectre v1:        Mitigation; usercopy/swapgs barriers and __user pointer sanitization
Vulnerability Spectre v2:        Mitigation; Retpolines, IBPB conditional, STIBP disabled, RSB filling, PBRSB-eIBRS Not affected
Vulnerability Srbds:             Not affected
Vulnerability Tsx async abort:   Not affected

====== Memory Information ======
               total        used        free      shared  buff/cache   available
Mem:           1.0Ti        54Gi       483Gi       9.6Gi       489Gi       952Gi
Swap:             0B          0B          0B

====== GPU Information (if available) ======
Sat May  3 12:02:35 2025       
+---------------------------------------------------------------------------------------+
| NVIDIA-SMI 535.129.03             Driver Version: 535.129.03   CUDA Version: 12.2     |
|-----------------------------------------+----------------------+----------------------+
| GPU  Name                 Persistence-M | Bus-Id        Disp.A | Volatile Uncorr. ECC |
| Fan  Temp   Perf          Pwr:Usage/Cap |         Memory-Usage | GPU-Util  Compute M. |
|                                         |                      |               MIG M. |
|=========================================+======================+======================|
|   0  NVIDIA GeForce RTX 3090        On  | 00000000:E1:00.0 Off |                  N/A |
| 30%   27C    P8              29W / 350W |     33MiB / 24576MiB |      0%      Default |
|                                         |                      |                  N/A |
+-----------------------------------------+----------------------+----------------------+
                                                                                         
+---------------------------------------------------------------------------------------+
| Processes:                                                                            |
|  GPU   GI   CI        PID   Type   Process name                            GPU Memory |
|        ID   ID                                                             Usage      |
|=======================================================================================|
|    0   N/A  N/A     51662      G   /usr/libexec/Xorg                            25MiB |
+---------------------------------------------------------------------------------------+

====== Program Output ======
Result: "Hello, world!"
- ITRS: 41
- LEAK: 0
- TIME: 0.01s
- MIPS: 0.00

Generating '/tmp/nsys-report-448b.qdstrm'
[1/1] [0%                          ] report1.nsys-rep[1/1] [0%                          ] report1.nsys-rep[1/1] [==19%                       ] report1.nsys-rep[1/1] [=====30%                    ] report1.nsys-rep[1/1] [========41%                 ] report1.nsys-rep[1/1] [========42%                 ] report1.nsys-rep[1/1] [=========43%                ] report1.nsys-rep[1/1] [=========45%                ] report1.nsys-rep[1/1] [==========49%               ] report1.nsys-rep[1/1] [===========50%              ] report1.nsys-rep[1/1] [===========51%              ] report1.nsys-rep[1/1] [===========53%              ] report1.nsys-rep[1/1] [============54%             ] report1.nsys-rep[1/1] [=============58%            ] report1.nsys-rep[1/1] [==============63%           ] report1.nsys-rep[1/1] [========================98% ] report1.nsys-rep[1/1] [========================100%] report1.nsys-rep[1/1] [========================100%] report1.nsys-rep
Generated:
    /oscar/home/igordon/cs1952y_final/report1.nsys-rep
