Lmod has detected the following error: The following module(s) are unknown:
"openssl/1.1.1"

Please check the spelling or version number. Also try "module spider ..."
It is also possible your cache file is out-of-date; it may help to try:
  $ module --ignore_cache load "openssl/1.1.1"

Also make sure that all modulefiles written in TCL start with the string
#%Module



Lmod has detected the following error: The following module(s) are unknown:
"python/3.11.0"

Please check the spelling or version number. Also try "module spider ..."
It is also possible your cache file is out-of-date; it may help to try:
  $ module --ignore_cache load "python/3.11.0"

Also make sure that all modulefiles written in TCL start with the string
#%Module




The following have been reloaded with a version change:
  1) cuda/12.4.0-piq32fy => cuda/12.2.0-4lgnkrh

    Updating crates.io index
  Installing hvm v2.0.22
    Updating crates.io index
     Locking 31 packages to latest compatible versions
      Adding hermit-abi v0.3.9 (latest: v0.5.0)
      Adding windows-targets v0.52.6 (latest: v0.53.0)
      Adding windows_aarch64_gnullvm v0.52.6 (latest: v0.53.0)
      Adding windows_aarch64_msvc v0.52.6 (latest: v0.53.0)
      Adding windows_i686_gnu v0.52.6 (latest: v0.53.0)
      Adding windows_i686_gnullvm v0.52.6 (latest: v0.53.0)
      Adding windows_i686_msvc v0.52.6 (latest: v0.53.0)
      Adding windows_x86_64_gnu v0.52.6 (latest: v0.53.0)
      Adding windows_x86_64_gnullvm v0.52.6 (latest: v0.53.0)
      Adding windows_x86_64_msvc v0.52.6 (latest: v0.53.0)
   Compiling libc v0.2.172
   Compiling utf8parse v0.2.2
   Compiling anstyle-parse v0.2.6
   Compiling anstyle v1.0.10
   Compiling shlex v1.3.0
   Compiling colorchoice v1.0.3
   Compiling anstyle-query v1.1.2
   Compiling is_terminal_polyfill v1.70.1
   Compiling anstream v0.6.18
   Compiling cc v1.2.21
   Compiling num_cpus v1.16.0
   Compiling strsim v0.11.1
   Compiling clap_lex v0.7.4
   Compiling clap_builder v4.5.37
   Compiling hvm v2.0.22
   Compiling highlight_error v0.1.1
   Compiling TSPL v0.0.13
   Compiling clap v4.5.37
    Finished `release` profile [optimized] target(s) in 1m 03s
   Replacing /users/igordon/.cargo/bin/hvm
    Replaced package `hvm v2.0.22` with `hvm v2.0.22` (executable `hvm`)
Failed to launch kernels. Error code: invalid argument.
[4m[1m[33mWarnings:[0m
[1mDuring readback:[0m
  Unable to interpret the HVM result as a valid Bend term. (Reached Root)

Failed to create '/oscar/home/igordon/cs1952y_final/./output/./bend_scripts/fib_iterative.bend-on-ampere.nsys-rep': No such file or directory.
Failed to create '/oscar/home/igordon/cs1952y_final/./output/./bend_scripts/fib_iterative.bend-on-ampere.sqlite': No such file or directory.
SKIPPED: /tmp/nsys-report-80b5.sqlite does not contain NV Tools Extension (NVTX) data.
