## SLURM PROLOG ###############################################################
##    Job ID : 11296162
##  Job Name : [none]
##  Nodelist : gpu2250
##      CPUs : 1
##  Mem/Node : 12288 MB
## Directory : /oscar/home/igordon/cs1952y_final
##   Job Started : Mon May  5 06:47:16 PM EDT 2025
###############################################################################
====== Job and Node Information ======
Job ID: 
Node List: 
Number of Nodes: 
Number of Tasks: 
CPUs per Task: 

====== CPU Information ======
Architecture:                    x86_64
CPU op-mode(s):                  32-bit, 64-bit
Address sizes:                   43 bits physical, 48 bits virtual
Byte Order:                      Little Endian
CPU(s):                          128
On-line CPU(s) list:             0-127
Vendor ID:                       AuthenticAMD
Model name:                      AMD EPYC 7662 64-Core Processor
CPU family:                      23
Model:                           49
Thread(s) per core:              1
Core(s) per socket:              64
Socket(s):                       2
Stepping:                        0
Frequency boost:                 enabled
CPU max MHz:                     2154.2959
CPU min MHz:                     1500.0000
BogoMIPS:                        4000.00
Flags:                           fpu vme de pse tsc msr pae mce cx8 apic sep mtrr pge mca cmov pat pse36 clflush mmx fxsr sse sse2 ht syscall nx mmxext fxsr_opt pdpe1gb rdtscp lm constant_tsc rep_good nopl nonstop_tsc cpuid extd_apicid aperfmperf rapl pni pclmulqdq monitor ssse3 fma cx16 sse4_1 sse4_2 movbe popcnt aes xsave avx f16c rdrand lahf_lm cmp_legacy svm extapic cr8_legacy abm sse4a misalignsse 3dnowprefetch osvw ibs skinit wdt tce topoext perfctr_core perfctr_nb bpext perfctr_llc mwaitx cpb cat_l3 cdp_l3 hw_pstate ssbd mba ibrs ibpb stibp vmmcall fsgsbase bmi1 avx2 smep bmi2 cqm rdt_a rdseed adx smap clflushopt clwb sha_ni xsaveopt xsavec xgetbv1 xsaves cqm_llc cqm_occup_llc cqm_mbm_total cqm_mbm_local clzero irperf xsaveerptr rdpru wbnoinvd amd_ppin arat npt lbrv svm_lock nrip_save tsc_scale vmcb_clean flushbyasid decodeassists pausefilter pfthreshold avic v_vmsave_vmload vgif v_spec_ctrl umip rdpid overflow_recov succor smca sme sev sev_es
Virtualization:                  AMD-V
L1d cache:                       4 MiB (128 instances)
L1i cache:                       4 MiB (128 instances)
L2 cache:                        64 MiB (128 instances)
L3 cache:                        512 MiB (32 instances)
NUMA node(s):                    2
NUMA node0 CPU(s):               0-63
NUMA node1 CPU(s):               64-127
Vulnerability Itlb multihit:     Not affected
Vulnerability L1tf:              Not affected
Vulnerability Mds:               Not affected
Vulnerability Meltdown:          Not affected
Vulnerability Mmio stale data:   Not affected
Vulnerability Retbleed:          Mitigation; untrained return thunk; SMT disabled
Vulnerability Spec store bypass: Mitigation; Speculative Store Bypass disabled via prctl
Vulnerability Spectre v1:        Mitigation; usercopy/swapgs barriers and __user pointer sanitization
Vulnerability Spectre v2:        Mitigation; Retpolines, IBPB conditional, STIBP disabled, RSB filling, PBRSB-eIBRS Not affected
Vulnerability Srbds:             Not affected
Vulnerability Tsx async abort:   Not affected

====== Memory Information ======
               total        used        free      shared  buff/cache   available
Mem:           1.0Ti        69Gi        31Gi        12Gi       930Gi       937Gi
Swap:             0B          0B          0B

====== GPU Information (if available) ======
Mon May  5 18:48:24 2025       
+---------------------------------------------------------------------------------------+
| NVIDIA-SMI 535.129.03             Driver Version: 535.129.03   CUDA Version: 12.2     |
|-----------------------------------------+----------------------+----------------------+
| GPU  Name                 Persistence-M | Bus-Id        Disp.A | Volatile Uncorr. ECC |
| Fan  Temp   Perf          Pwr:Usage/Cap |         Memory-Usage | GPU-Util  Compute M. |
|                                         |                      |               MIG M. |
|=========================================+======================+======================|
|   0  NVIDIA RTX A5500               On  | 00000000:44:00.0 Off |                  Off |
| 30%   29C    P8              25W / 230W |     28MiB / 24564MiB |      0%      Default |
|                                         |                      |                  N/A |
+-----------------------------------------+----------------------+----------------------+
                                                                                         
+---------------------------------------------------------------------------------------+
| Processes:                                                                            |
|  GPU   GI   CI        PID   Type   Process name                            GPU Memory |
|        ID   ID                                                             Usage      |
|=======================================================================================|
|    0   N/A  N/A     73485      G   /usr/libexec/Xorg                            20MiB |
+---------------------------------------------------------------------------------------+

====== Program Output ======
Result: 14064037
