    Updating crates.io index
  Installing hvm v2.0.22
    Updating crates.io index
     Locking 31 packages to latest compatible versions
      Adding hermit-abi v0.3.9 (latest: v0.5.0)
      Adding windows-targets v0.52.6 (latest: v0.53.0)
      Adding windows_aarch64_gnullvm v0.52.6 (latest: v0.53.0)
      Adding windows_aarch64_msvc v0.52.6 (latest: v0.53.0)
      Adding windows_i686_gnu v0.52.6 (latest: v0.53.0)
      Adding windows_i686_gnullvm v0.52.6 (latest: v0.53.0)
      Adding windows_i686_msvc v0.52.6 (latest: v0.53.0)
      Adding windows_x86_64_gnu v0.52.6 (latest: v0.53.0)
      Adding windows_x86_64_gnullvm v0.52.6 (latest: v0.53.0)
      Adding windows_x86_64_msvc v0.52.6 (latest: v0.53.0)
   Compiling libc v0.2.172
   Compiling utf8parse v0.2.2
   Compiling anstyle-parse v0.2.6
   Compiling anstyle v1.0.10
   Compiling anstyle-query v1.1.2
   Compiling is_terminal_polyfill v1.70.1
   Compiling shlex v1.3.0
   Compiling colorchoice v1.0.3
   Compiling anstream v0.6.18
   Compiling cc v1.2.21
   Compiling num_cpus v1.16.0
   Compiling clap_lex v0.7.4
   Compiling strsim v0.11.1
   Compiling clap_builder v4.5.37
   Compiling hvm v2.0.22
   Compiling highlight_error v0.1.1
   Compiling TSPL v0.0.13
   Compiling clap v4.5.37
    Finished `release` profile [optimized] target(s) in 58.92s
   Replacing /users/igordon/.cargo/bin/hvm
    Replaced package `hvm v2.0.22` with `hvm v2.0.22` (executable `hvm`)
ptxas warning : Stack size for entry function '_Z20fib_recursive_kerneljPj' cannot be statically determined

real	0m0.204s
user	0m0.011s
sys	0m0.166s

real	0m0.190s
user	0m0.009s
sys	0m0.155s

real	0m0.176s
user	0m0.008s
sys	0m0.154s

real	0m0.171s
user	0m0.011s
sys	0m0.146s

real	0m0.209s
user	0m0.011s
sys	0m0.171s

real	0m0.176s
user	0m0.012s
sys	0m0.148s

real	0m0.175s
user	0m0.009s
sys	0m0.152s

real	0m0.185s
user	0m0.010s
sys	0m0.149s

real	0m0.185s
user	0m0.011s
sys	0m0.150s

real	0m0.174s
user	0m0.009s
sys	0m0.150s

real	0m0.172s
user	0m0.013s
sys	0m0.146s

real	0m0.173s
user	0m0.013s
sys	0m0.147s

real	0m0.181s
user	0m0.009s
sys	0m0.154s

real	0m0.182s
user	0m0.010s
sys	0m0.159s

real	0m0.179s
user	0m0.012s
sys	0m0.151s

real	0m0.181s
user	0m0.011s
sys	0m0.156s

real	0m0.180s
user	0m0.009s
sys	0m0.155s

real	0m0.193s
user	0m0.011s
sys	0m0.148s

real	0m0.175s
user	0m0.012s
sys	0m0.148s

real	0m0.192s
user	0m0.013s
sys	0m0.153s

real	0m0.202s
user	0m0.014s
sys	0m0.153s

real	0m0.203s
user	0m0.016s
sys	0m0.153s

real	0m0.188s
user	0m0.023s
sys	0m0.148s

real	0m0.191s
user	0m0.026s
sys	0m0.152s

real	0m0.281s
user	0m0.042s
sys	0m0.148s

real	0m0.226s
user	0m0.057s
sys	0m0.151s

real	0m0.251s
user	0m0.089s
sys	0m0.150s

real	0m0.311s
user	0m0.137s
sys	0m0.160s

real	0m0.359s
user	0m0.195s
sys	0m0.148s

real	0m0.471s
user	0m0.304s
sys	0m0.153s

real	0m0.656s
user	0m0.490s
sys	0m0.151s

real	0m0.973s
user	0m0.791s
sys	0m0.150s

real	0m1.440s
user	0m1.263s
sys	0m0.153s

real	0m2.258s
user	0m2.044s
sys	0m0.150s

real	0m3.514s
user	0m3.304s
sys	0m0.148s

real	0m5.538s
user	0m5.333s
sys	0m0.154s

real	0m8.888s
user	0m8.666s
sys	0m0.158s

real	0m14.311s
user	0m14.048s
sys	0m0.156s

real	0m22.995s
user	0m22.726s
sys	0m0.151s

real	0m37.343s
user	0m36.952s
sys	0m0.164s

real	1m0.365s
user	0m59.884s
sys	0m0.171s

real	1m37.540s
user	1m36.926s
sys	0m0.164s

real	2m37.786s
user	2m37.039s
sys	0m0.177s
