## SLURM PROLOG ###############################################################
##    Job ID : 11289366
##  Job Name : [none]
##  Nodelist : gpu2602
##      CPUs : 1
##  Mem/Node : 12288 MB
## Directory : /oscar/home/igordon/cs1952y_final
##   Job Started : Mon May  5 03:02:50 PM EDT 2025
###############################################################################

====== GPU Information (if available) ======
Mon May  5 15:03:49 2025       
+---------------------------------------------------------------------------------------+
| NVIDIA-SMI 535.129.03             Driver Version: 535.129.03   CUDA Version: 12.2     |
|-----------------------------------------+----------------------+----------------------+
| GPU  Name                 Persistence-M | Bus-Id        Disp.A | Volatile Uncorr. ECC |
| Fan  Temp   Perf          Pwr:Usage/Cap |         Memory-Usage | GPU-Util  Compute M. |
|                                         |                      |               MIG M. |
|=========================================+======================+======================|
|   0  NVIDIA RTX A5000               On  | 00000000:83:00.0 Off |                  Off |
| 30%   28C    P8              19W / 230W |     32MiB / 24564MiB |      0%      Default |
|                                         |                      |                  N/A |
+-----------------------------------------+----------------------+----------------------+
                                                                                         
+---------------------------------------------------------------------------------------+
| Processes:                                                                            |
|  GPU   GI   CI        PID   Type   Process name                            GPU Memory |
|        ID   ID                                                             Usage      |
|=======================================================================================|
|    0   N/A  N/A     72897      G   /usr/libexec/Xorg                            20MiB |
+---------------------------------------------------------------------------------------+

====== Program Output ======
Successfully modified and saved to file
Result: 14585197
- ITRS: 6711998714
- LEAK: 128881143
- TIME: 9.18s
- MIPS: 731.40

