    Updating crates.io index
  Installing hvm v2.0.22
    Updating crates.io index
     Locking 31 packages to latest compatible versions
      Adding hermit-abi v0.3.9 (latest: v0.5.0)
      Adding windows-targets v0.52.6 (latest: v0.53.0)
      Adding windows_aarch64_gnullvm v0.52.6 (latest: v0.53.0)
      Adding windows_aarch64_msvc v0.52.6 (latest: v0.53.0)
      Adding windows_i686_gnu v0.52.6 (latest: v0.53.0)
      Adding windows_i686_gnullvm v0.52.6 (latest: v0.53.0)
      Adding windows_i686_msvc v0.52.6 (latest: v0.53.0)
      Adding windows_x86_64_gnu v0.52.6 (latest: v0.53.0)
      Adding windows_x86_64_gnullvm v0.52.6 (latest: v0.53.0)
      Adding windows_x86_64_msvc v0.52.6 (latest: v0.53.0)
   Compiling libc v0.2.172
   Compiling utf8parse v0.2.2
   Compiling anstyle-parse v0.2.6
   Compiling is_terminal_polyfill v1.70.1
   Compiling shlex v1.3.0
   Compiling anstyle-query v1.1.2
   Compiling colorchoice v1.0.3
   Compiling anstyle v1.0.10
   Compiling anstream v0.6.18
   Compiling cc v1.2.21
   Compiling num_cpus v1.16.0
   Compiling clap_lex v0.7.4
   Compiling strsim v0.11.1
slurmstepd: error: *** JOB 11296146 ON gpu2114 CANCELLED AT 2025-05-05T18:43:53 ***
