## SLURM PROLOG ###############################################################
##    Job ID : 11296222
##  Job Name : [none]
##  Nodelist : gpu1403
##      CPUs : 1
##  Mem/Node : 12288 MB
## Directory : /oscar/home/igordon/cs1952y_final
##   Job Started : Mon May  5 06:52:03 PM EDT 2025
###############################################################################
====== Job and Node Information ======
Job ID: 
Node List: 
Number of Nodes: 
Number of Tasks: 
CPUs per Task: 

====== CPU Information ======
Architecture:                    x86_64
CPU op-mode(s):                  32-bit, 64-bit
Address sizes:                   46 bits physical, 48 bits virtual
Byte Order:                      Little Endian
CPU(s):                          24
On-line CPU(s) list:             0-23
Vendor ID:                       GenuineIntel
Model name:                      Intel(R) Xeon(R) Gold 6126 CPU @ 2.60GHz
CPU family:                      6
Model:                           85
Thread(s) per core:              1
Core(s) per socket:              12
Socket(s):                       2
Stepping:                        4
CPU max MHz:                     3700.0000
CPU min MHz:                     1000.0000
BogoMIPS:                        5200.00
Flags:                           fpu vme de pse tsc msr pae mce cx8 apic sep mtrr pge mca cmov pat pse36 clflush dts acpi mmx fxsr sse sse2 ss ht tm pbe syscall nx pdpe1gb rdtscp lm constant_tsc art arch_perfmon pebs bts rep_good nopl xtopology nonstop_tsc cpuid aperfmperf pni pclmulqdq dtes64 monitor ds_cpl vmx smx est tm2 ssse3 sdbg fma cx16 xtpr pdcm pcid dca sse4_1 sse4_2 x2apic movbe popcnt tsc_deadline_timer aes xsave avx f16c rdrand lahf_lm abm 3dnowprefetch cpuid_fault epb cat_l3 cdp_l3 invpcid_single pti intel_ppin ssbd mba ibrs ibpb stibp tpr_shadow vnmi flexpriority ept vpid ept_ad fsgsbase tsc_adjust bmi1 hle avx2 smep bmi2 erms invpcid rtm cqm mpx rdt_a avx512f avx512dq rdseed adx smap clflushopt clwb intel_pt avx512cd avx512bw avx512vl xsaveopt xsavec xgetbv1 xsaves cqm_llc cqm_occup_llc cqm_mbm_total cqm_mbm_local dtherm ida arat pln pts hwp hwp_act_window hwp_epp hwp_pkg_req pku ospke md_clear flush_l1d arch_capabilities
Virtualization:                  VT-x
L1d cache:                       768 KiB (24 instances)
L1i cache:                       768 KiB (24 instances)
L2 cache:                        24 MiB (24 instances)
L3 cache:                        38.5 MiB (2 instances)
NUMA node(s):                    2
NUMA node0 CPU(s):               0-11
NUMA node1 CPU(s):               12-23
Vulnerability Itlb multihit:     KVM: Mitigation: VMX disabled
Vulnerability L1tf:              Mitigation; PTE Inversion; VMX conditional cache flushes, SMT disabled
Vulnerability Mds:               Mitigation; Clear CPU buffers; SMT disabled
Vulnerability Meltdown:          Mitigation; PTI
Vulnerability Mmio stale data:   Mitigation; Clear CPU buffers; SMT disabled
Vulnerability Retbleed:          Mitigation; IBRS
Vulnerability Spec store bypass: Mitigation; Speculative Store Bypass disabled via prctl
Vulnerability Spectre v1:        Mitigation; usercopy/swapgs barriers and __user pointer sanitization
Vulnerability Spectre v2:        Mitigation; IBRS, IBPB conditional, RSB filling, PBRSB-eIBRS Not affected
Vulnerability Srbds:             Not affected
Vulnerability Tsx async abort:   Mitigation; Clear CPU buffers; SMT disabled

====== Memory Information ======
               total        used        free      shared  buff/cache   available
Mem:           186Gi        40Gi        14Gi       8.3Gi       146Gi       145Gi
Swap:             0B          0B          0B

====== GPU Information (if available) ======
Mon May  5 18:53:01 2025       
+---------------------------------------------------------------------------------------+
| NVIDIA-SMI 535.129.03             Driver Version: 535.129.03   CUDA Version: 12.2     |
|-----------------------------------------+----------------------+----------------------+
| GPU  Name                 Persistence-M | Bus-Id        Disp.A | Volatile Uncorr. ECC |
| Fan  Temp   Perf          Pwr:Usage/Cap |         Memory-Usage | GPU-Util  Compute M. |
|                                         |                      |               MIG M. |
|=========================================+======================+======================|
|   0  NVIDIA TITAN RTX               On  | 00000000:61:00.0 Off |                  N/A |
| 40%   28C    P8              15W / 280W |      7MiB / 24576MiB |      0%      Default |
|                                         |                      |                  N/A |
+-----------------------------------------+----------------------+----------------------+
                                                                                         
+---------------------------------------------------------------------------------------+
| Processes:                                                                            |
|  GPU   GI   CI        PID   Type   Process name                            GPU Memory |
|        ID   ID                                                             Usage      |
|=======================================================================================|
|    0   N/A  N/A     29351      G   /usr/libexec/Xorg                             5MiB |
+---------------------------------------------------------------------------------------+

====== Program Output ======
