    Updating crates.io index
  Installing hvm v2.0.22
    Updating crates.io index
     Locking 31 packages to latest compatible versions
      Adding hermit-abi v0.3.9 (latest: v0.5.0)
      Adding windows-targets v0.52.6 (latest: v0.53.0)
      Adding windows_aarch64_gnullvm v0.52.6 (latest: v0.53.0)
      Adding windows_aarch64_msvc v0.52.6 (latest: v0.53.0)
      Adding windows_i686_gnu v0.52.6 (latest: v0.53.0)
      Adding windows_i686_gnullvm v0.52.6 (latest: v0.53.0)
      Adding windows_i686_msvc v0.52.6 (latest: v0.53.0)
      Adding windows_x86_64_gnu v0.52.6 (latest: v0.53.0)
      Adding windows_x86_64_gnullvm v0.52.6 (latest: v0.53.0)
      Adding windows_x86_64_msvc v0.52.6 (latest: v0.53.0)
   Compiling libc v0.2.172
   Compiling utf8parse v0.2.2
   Compiling anstyle-parse v0.2.6
   Compiling shlex v1.3.0
   Compiling colorchoice v1.0.3
   Compiling anstyle v1.0.10
   Compiling is_terminal_polyfill v1.70.1
   Compiling anstyle-query v1.1.2
   Compiling anstream v0.6.18
   Compiling cc v1.2.21
   Compiling num_cpus v1.16.0
   Compiling strsim v0.11.1
   Compiling clap_lex v0.7.4
   Compiling clap_builder v4.5.37
   Compiling hvm v2.0.22
   Compiling highlight_error v0.1.1
   Compiling TSPL v0.0.13
   Compiling clap v4.5.37
    Finished `release` profile [optimized] target(s) in 55.80s
   Replacing /users/igordon/.cargo/bin/hvm
    Replaced package `hvm v2.0.22` with `hvm v2.0.22` (executable `hvm`)
Failed to launch kernels. Error code: invalid argument.
[4m[1m[31mErrors:[0m
HVM output had no result (An error likely occurred)


real	0m0.340s
user	0m0.081s
sys	0m0.182s
