    Updating crates.io index
  Installing hvm v2.0.22
    Updating crates.io index
     Locking 31 packages to latest compatible versions
      Adding hermit-abi v0.3.9 (latest: v0.5.0)
      Adding windows-targets v0.52.6 (latest: v0.53.0)
      Adding windows_aarch64_gnullvm v0.52.6 (latest: v0.53.0)
      Adding windows_aarch64_msvc v0.52.6 (latest: v0.53.0)
      Adding windows_i686_gnu v0.52.6 (latest: v0.53.0)
      Adding windows_i686_gnullvm v0.52.6 (latest: v0.53.0)
      Adding windows_i686_msvc v0.52.6 (latest: v0.53.0)
      Adding windows_x86_64_gnu v0.52.6 (latest: v0.53.0)
      Adding windows_x86_64_gnullvm v0.52.6 (latest: v0.53.0)
      Adding windows_x86_64_msvc v0.52.6 (latest: v0.53.0)
   Compiling libc v0.2.172
   Compiling utf8parse v0.2.2
   Compiling anstyle-parse v0.2.6
   Compiling anstyle-query v1.1.2
   Compiling colorchoice v1.0.3
   Compiling anstyle v1.0.10
   Compiling is_terminal_polyfill v1.70.1
   Compiling shlex v1.3.0
   Compiling cc v1.2.21
   Compiling anstream v0.6.18
   Compiling num_cpus v1.16.0
   Compiling strsim v0.11.1
   Compiling clap_lex v0.7.4
   Compiling clap_builder v4.5.37
   Compiling hvm v2.0.22
   Compiling highlight_error v0.1.1
   Compiling TSPL v0.0.13
   Compiling clap v4.5.37
    Finished `release` profile [optimized] target(s) in 53.44s
   Replacing /users/igordon/.cargo/bin/hvm
    Replaced package `hvm v2.0.22` with `hvm v2.0.22` (executable `hvm`)
ptxas warning : Stack size for entry function '_Z20fib_recursive_kerneljPj' cannot be statically determined

real	0m0.223s
user	0m0.007s
sys	0m0.187s

real	0m0.189s
user	0m0.010s
sys	0m0.156s

real	0m0.192s
user	0m0.009s
sys	0m0.160s

real	0m0.179s
user	0m0.011s
sys	0m0.158s

real	0m0.179s
user	0m0.010s
sys	0m0.158s

real	0m0.179s
user	0m0.009s
sys	0m0.159s

real	0m0.181s
user	0m0.009s
sys	0m0.161s

real	0m0.180s
user	0m0.013s
sys	0m0.156s

real	0m0.184s
user	0m0.008s
sys	0m0.161s

real	0m0.181s
user	0m0.009s
sys	0m0.159s

real	0m0.196s
user	0m0.009s
sys	0m0.164s

real	0m0.181s
user	0m0.012s
sys	0m0.157s

real	0m0.178s
user	0m0.009s
sys	0m0.158s

real	0m0.192s
user	0m0.006s
sys	0m0.160s

real	0m0.187s
user	0m0.010s
sys	0m0.157s

real	0m0.182s
user	0m0.012s
sys	0m0.159s

real	0m0.179s
user	0m0.007s
sys	0m0.161s

real	0m0.181s
user	0m0.008s
sys	0m0.161s

real	0m0.189s
user	0m0.012s
sys	0m0.155s

real	0m0.189s
user	0m0.012s
sys	0m0.154s

real	0m0.180s
user	0m0.008s
sys	0m0.161s

real	0m0.180s
user	0m0.006s
sys	0m0.164s

real	0m0.181s
user	0m0.007s
sys	0m0.164s

real	0m0.180s
user	0m0.011s
sys	0m0.157s

real	0m0.181s
user	0m0.006s
sys	0m0.163s

real	0m0.179s
user	0m0.013s
sys	0m0.155s

real	0m0.180s
user	0m0.012s
sys	0m0.157s

real	0m0.180s
user	0m0.010s
sys	0m0.159s

real	0m0.183s
user	0m0.007s
sys	0m0.159s

real	0m0.176s
user	0m0.009s
sys	0m0.157s

real	0m0.180s
user	0m0.008s
sys	0m0.162s

real	0m0.181s
user	0m0.009s
sys	0m0.162s

real	0m0.187s
user	0m0.010s
sys	0m0.165s

real	0m0.197s
user	0m0.006s
sys	0m0.160s

real	0m0.176s
user	0m0.012s
sys	0m0.152s

real	0m0.177s
user	0m0.009s
sys	0m0.157s

real	0m0.180s
user	0m0.013s
sys	0m0.156s

real	0m0.199s
user	0m0.012s
sys	0m0.162s

real	0m0.190s
user	0m0.012s
sys	0m0.154s

real	0m0.177s
user	0m0.012s
sys	0m0.153s

real	0m0.194s
user	0m0.012s
sys	0m0.159s

real	0m0.181s
user	0m0.008s
sys	0m0.161s

real	0m0.179s
user	0m0.006s
sys	0m0.161s
