## SLURM PROLOG ###############################################################
##    Job ID : 11292974
##  Job Name : [none]
##  Nodelist : gpu2602
##      CPUs : 1
##  Mem/Node : 12288 MB
## Directory : /oscar/home/igordon/cs1952y_final
##   Job Started : Mon May  5 04:08:36 PM EDT 2025
###############################################################################

====== GPU Information (if available) ======
Mon May  5 16:09:32 2025       
+---------------------------------------------------------------------------------------+
| NVIDIA-SMI 535.129.03             Driver Version: 535.129.03   CUDA Version: 12.2     |
|-----------------------------------------+----------------------+----------------------+
| GPU  Name                 Persistence-M | Bus-Id        Disp.A | Volatile Uncorr. ECC |
| Fan  Temp   Perf          Pwr:Usage/Cap |         Memory-Usage | GPU-Util  Compute M. |
|                                         |                      |               MIG M. |
|=========================================+======================+======================|
|   0  NVIDIA RTX A5000               On  | 00000000:83:00.0 Off |                  Off |
| 30%   29C    P8              19W / 230W |     32MiB / 24564MiB |      0%      Default |
|                                         |                      |                  N/A |
+-----------------------------------------+----------------------+----------------------+
                                                                                         
+---------------------------------------------------------------------------------------+
| Processes:                                                                            |
|  GPU   GI   CI        PID   Type   Process name                            GPU Memory |
|        ID   ID                                                             Usage      |
|=======================================================================================|
|    0   N/A  N/A     72897      G   /usr/libexec/Xorg                            20MiB |
+---------------------------------------------------------------------------------------+

====== Program Output ======
Number of arguments: 1
No argument received, using default value: 5
Fibonacci(5) = 5 (Recursive method)
Time taken: 0.000112 seconds
Number of arguments: 1
No argument received, using default value: 5
Fibonacci(5) = 5 (Recursive method)
Time taken: 0.000105 seconds
Number of arguments: 1
No argument received, using default value: 5
Fibonacci(5) = 5 (Recursive method)
Time taken: 0.000111 seconds
Number of arguments: 1
No argument received, using default value: 5
Fibonacci(5) = 5 (Recursive method)
Time taken: 0.000099 seconds
Number of arguments: 1
No argument received, using default value: 5
Fibonacci(5) = 5 (Recursive method)
Time taken: 0.000111 seconds
Number of arguments: 1
No argument received, using default value: 5
Fibonacci(5) = 5 (Recursive method)
Time taken: 0.000097 seconds
Number of arguments: 1
No argument received, using default value: 5
Fibonacci(5) = 5 (Recursive method)
Time taken: 0.000098 seconds
Number of arguments: 1
No argument received, using default value: 5
Fibonacci(5) = 5 (Recursive method)
Time taken: 0.000112 seconds
Number of arguments: 1
No argument received, using default value: 5
Fibonacci(5) = 5 (Recursive method)
Time taken: 0.000099 seconds
Number of arguments: 1
No argument received, using default value: 5
Fibonacci(5) = 5 (Recursive method)
Time taken: 0.000099 seconds
Number of arguments: 1
No argument received, using default value: 5
Fibonacci(5) = 5 (Recursive method)
Time taken: 0.000103 seconds
Number of arguments: 1
No argument received, using default value: 5
Fibonacci(5) = 5 (Recursive method)
Time taken: 0.000097 seconds
Number of arguments: 1
No argument received, using default value: 5
Fibonacci(5) = 5 (Recursive method)
Time taken: 0.000098 seconds
Number of arguments: 1
No argument received, using default value: 5
Fibonacci(5) = 5 (Recursive method)
Time taken: 0.000099 seconds
Number of arguments: 1
No argument received, using default value: 5
Fibonacci(5) = 5 (Recursive method)
Time taken: 0.000098 seconds
Number of arguments: 1
No argument received, using default value: 5
Fibonacci(5) = 5 (Recursive method)
Time taken: 0.000110 seconds
Number of arguments: 1
No argument received, using default value: 5
Fibonacci(5) = 5 (Recursive method)
Time taken: 0.000100 seconds
Number of arguments: 1
No argument received, using default value: 5
Fibonacci(5) = 5 (Recursive method)
Time taken: 0.000103 seconds
Number of arguments: 1
No argument received, using default value: 5
Fibonacci(5) = 5 (Recursive method)
Time taken: 0.000100 seconds
Number of arguments: 1
No argument received, using default value: 5
Fibonacci(5) = 5 (Recursive method)
Time taken: 0.000096 seconds
Number of arguments: 1
No argument received, using default value: 5
Fibonacci(5) = 5 (Recursive method)
Time taken: 0.000108 seconds
Number of arguments: 1
No argument received, using default value: 5
Fibonacci(5) = 5 (Recursive method)
Time taken: 0.000105 seconds
Number of arguments: 1
No argument received, using default value: 5
Fibonacci(5) = 5 (Recursive method)
Time taken: 0.000099 seconds
Number of arguments: 1
No argument received, using default value: 5
Fibonacci(5) = 5 (Recursive method)
Time taken: 0.000103 seconds
Number of arguments: 1
No argument received, using default value: 5
Fibonacci(5) = 5 (Recursive method)
Time taken: 0.000103 seconds
Number of arguments: 1
No argument received, using default value: 5
Fibonacci(5) = 5 (Recursive method)
Time taken: 0.000103 seconds
Number of arguments: 1
No argument received, using default value: 5
Fibonacci(5) = 5 (Recursive method)
Time taken: 0.000098 seconds
Number of arguments: 1
No argument received, using default value: 5
Fibonacci(5) = 5 (Recursive method)
Time taken: 0.000097 seconds
Number of arguments: 1
No argument received, using default value: 5
Fibonacci(5) = 5 (Recursive method)
Time taken: 0.000112 seconds
Number of arguments: 1
No argument received, using default value: 5
Fibonacci(5) = 5 (Recursive method)
Time taken: 0.000101 seconds
Number of arguments: 1
No argument received, using default value: 5
Fibonacci(5) = 5 (Recursive method)
Time taken: 0.000100 seconds
Number of arguments: 1
No argument received, using default value: 5
Fibonacci(5) = 5 (Recursive method)
Time taken: 0.000099 seconds
Number of arguments: 1
No argument received, using default value: 5
Fibonacci(5) = 5 (Recursive method)
Time taken: 0.000105 seconds
Number of arguments: 1
No argument received, using default value: 5
Fibonacci(5) = 5 (Recursive method)
Time taken: 0.000101 seconds
Number of arguments: 1
No argument received, using default value: 5
Fibonacci(5) = 5 (Recursive method)
Time taken: 0.000108 seconds
Number of arguments: 1
No argument received, using default value: 5
Fibonacci(5) = 5 (Recursive method)
Time taken: 0.000103 seconds
Number of arguments: 1
No argument received, using default value: 5
Fibonacci(5) = 5 (Recursive method)
Time taken: 0.000096 seconds
Number of arguments: 1
No argument received, using default value: 5
Fibonacci(5) = 5 (Recursive method)
Time taken: 0.000123 seconds
Number of arguments: 1
No argument received, using default value: 5
Fibonacci(5) = 5 (Recursive method)
Time taken: 0.000097 seconds
Number of arguments: 1
No argument received, using default value: 5
Fibonacci(5) = 5 (Recursive method)
Time taken: 0.000099 seconds
Number of arguments: 1
No argument received, using default value: 5
Fibonacci(5) = 5 (Recursive method)
Time taken: 0.000104 seconds
Number of arguments: 1
No argument received, using default value: 5
Fibonacci(5) = 5 (Recursive method)
Time taken: 0.000121 seconds
Number of arguments: 1
No argument received, using default value: 5
Fibonacci(5) = 5 (Recursive method)
Time taken: 0.000102 seconds
